<?xml version="1.0" encoding="UTF-8"?>
<testsuite name="services.GenerateMapTest" tests="1" skipped="0" failures="0" errors="0" timestamp="2020-07-20T14:32:40" hostname="DESKTOP-PDACSUJ" time="0.003">
  <properties/>
  <testcase name="testGererateResultMapServicesForFailed" classname="services.GenerateMapTest" time="0.003"/>
  <system-out><![CDATA[]]></system-out>
  <system-err><![CDATA[]]></system-err>
</testsuite>
